<component name="libraryTable">
  <library name="junit-dep-4.11">
    <CLASSES>
      <root url="jar://$USER_HOME$/Downloads/libs/junit-dep-4.11.jar!/" />
    </CLASSES>
    <JAVADOC />
    <SOURCES />
  </library>
</component>